<?xml version="1.0" encoding="UTF-8"?>
<robot generator="Robot 4.0 (Python 3.9.2 on win32)" generated="20210330 14:56:50.176" rpa="false" schemaversion="2">
<suite id="s1" name="Conteudo" source="C:\RFW\4yousee\Conteudo.robot">
<test id="s1-t1" name="Caso de Teste 01: Adicionar Conteúdo">
<kw name="Abrir navegador" library="Resource" type="SETUP">
<kw name="Open Browser" library="Selenium2Library">
<arg>${URL}</arg>
<arg>${Browser}</arg>
<doc>Opens a new browser instance to the optional ``url``.</doc>
<msg timestamp="20210330 14:56:50.353" level="INFO">Opening browser 'chrome' to base url 'https://qa3.4yousee.com.br/admin/index.php?ac=logout'.</msg>
<status status="PASS" starttime="20210330 14:56:50.352" endtime="20210330 14:56:57.357"/>
</kw>
<status status="PASS" starttime="20210330 14:56:50.352" endtime="20210330 14:56:57.357"/>
</kw>
<kw name="Acessar a página Conteúdo do site" library="Resource">
<kw name="Wait Until Element Is Visible" library="Selenium2Library">
<arg>//*[@id="nav-horizontal"]/div/div[2]/div[1]/img</arg>
<arg>15</arg>
<doc>Waits until the element ``locator`` is visible.</doc>
<status status="PASS" starttime="20210330 14:56:57.358" endtime="20210330 14:56:57.385"/>
</kw>
<kw name="Title Should Be" library="Selenium2Library">
<arg>4YouSee Digital Signage</arg>
<doc>Verifies that the current page title equals ``title``.</doc>
<msg timestamp="20210330 14:56:57.390" level="INFO">Page title is '4YouSee Digital Signage'.</msg>
<status status="PASS" starttime="20210330 14:56:57.386" endtime="20210330 14:56:57.390"/>
</kw>
<kw name="Input Text" library="Selenium2Library">
<arg>//*[@id="nav-horizontal"]/div/div[2]/form/fieldset/div[1]/input</arg>
<arg>renataslr</arg>
<doc>Types the given ``text`` into the text field identified by ``locator``.</doc>
<msg timestamp="20210330 14:56:57.390" level="INFO">Typing text 'renataslr' into text field '//*[@id="nav-horizontal"]/div/div[2]/form/fieldset/div[1]/input'.</msg>
<status status="PASS" starttime="20210330 14:56:57.390" endtime="20210330 14:56:57.448"/>
</kw>
<kw name="Input Text" library="Selenium2Library">
<arg>//*[@id="nav-horizontal"]/div/div[2]/form/fieldset/div[2]/input</arg>
<arg>kbXR8w6kw97L5N</arg>
<doc>Types the given ``text`` into the text field identified by ``locator``.</doc>
<msg timestamp="20210330 14:56:57.449" level="INFO">Typing text 'kbXR8w6kw97L5N' into text field '//*[@id="nav-horizontal"]/div/div[2]/form/fieldset/div[2]/input'.</msg>
<status status="PASS" starttime="20210330 14:56:57.448" endtime="20210330 14:56:57.519"/>
</kw>
<kw name="Click Element" library="Selenium2Library">
<arg>//*[@id="nav-horizontal"]/div/div[2]/form/fieldset/input</arg>
<doc>Click the element identified by ``locator``.</doc>
<msg timestamp="20210330 14:56:57.520" level="INFO">Clicking element '//*[@id="nav-horizontal"]/div/div[2]/form/fieldset/input'.</msg>
<status status="PASS" starttime="20210330 14:56:57.519" endtime="20210330 14:57:05.912"/>
</kw>
<kw name="Click Element" library="Selenium2Library">
<arg>xpath=/html/body/div[6]/div[3]/div/button[2]</arg>
<doc>Click the element identified by ``locator``.</doc>
<msg timestamp="20210330 14:57:05.912" level="INFO">Clicking element 'xpath=/html/body/div[6]/div[3]/div/button[2]'.</msg>
<status status="PASS" starttime="20210330 14:57:05.912" endtime="20210330 14:57:05.958"/>
</kw>
<status status="PASS" starttime="20210330 14:56:57.358" endtime="20210330 14:57:05.958"/>
</kw>
<kw name="Clicar no botão &quot;+ Adicionar&quot;" library="Resource">
<kw name="Click Element" library="Selenium2Library">
<arg>//*[@id="add-content-link"]</arg>
<doc>Click the element identified by ``locator``.</doc>
<msg timestamp="20210330 14:57:05.959" level="INFO">Clicking element '//*[@id="add-content-link"]'.</msg>
<status status="PASS" starttime="20210330 14:57:05.959" endtime="20210330 14:57:09.861"/>
</kw>
<status status="PASS" starttime="20210330 14:57:05.959" endtime="20210330 14:57:09.861"/>
</kw>
<kw name="Preencher o campo nome" library="Resource">
<kw name="Input Text" library="Selenium2Library">
<arg>//*[@id="descricaoIns"]</arg>
<arg>Teste 1</arg>
<doc>Types the given ``text`` into the text field identified by ``locator``.</doc>
<msg timestamp="20210330 14:57:09.862" level="INFO">Typing text 'Teste 1' into text field '//*[@id="descricaoIns"]'.</msg>
<status status="PASS" starttime="20210330 14:57:09.862" endtime="20210330 14:57:09.947"/>
</kw>
<status status="PASS" starttime="20210330 14:57:09.862" endtime="20210330 14:57:09.947"/>
</kw>
<kw name="Preencher a duração de exibição" library="Resource">
<kw name="Click Element" library="Selenium2Library">
<arg>//*[@id="aba-1"]/div/div/div[2]/div/label/input</arg>
<doc>Click the element identified by ``locator``.</doc>
<msg timestamp="20210330 14:57:09.948" level="INFO">Clicking element '//*[@id="aba-1"]/div/div/div[2]/div/label/input'.</msg>
<status status="PASS" starttime="20210330 14:57:09.948" endtime="20210330 14:57:10.036"/>
</kw>
<kw name="Click Element" library="Selenium2Library">
<arg>//*[@id="tempoRealMin"]/option[2]</arg>
<doc>Click the element identified by ``locator``.</doc>
<msg timestamp="20210330 14:57:10.036" level="INFO">Clicking element '//*[@id="tempoRealMin"]/option[2]'.</msg>
<status status="PASS" starttime="20210330 14:57:10.036" endtime="20210330 14:57:10.083"/>
</kw>
<status status="PASS" starttime="20210330 14:57:09.947" endtime="20210330 14:57:10.083"/>
</kw>
<kw name="Selecionar o arquivo a ser exibido" library="Resource">
<kw name="Click Element" library="Selenium2Library">
<arg>//*[@id="aba-1"]/div/div/div[3]/div/button</arg>
<doc>Click the element identified by ``locator``.</doc>
<msg timestamp="20210330 14:57:10.084" level="INFO">Clicking element '//*[@id="aba-1"]/div/div/div[3]/div/button'.</msg>
<status status="PASS" starttime="20210330 14:57:10.084" endtime="20210330 14:57:10.155"/>
</kw>
<kw name="Sleep" library="BuiltIn">
<arg>5</arg>
<doc>Pauses the test executed for the given time.</doc>
<msg timestamp="20210330 14:57:15.158" level="INFO">Slept 5 seconds</msg>
<status status="PASS" starttime="20210330 14:57:10.155" endtime="20210330 14:57:15.158"/>
</kw>
<kw name="Press Keys" library="Selenium2Library">
<arg>NONE</arg>
<arg>aaaaaaaaaaaaaaaaaaaaaaaaaaaaaaaaa+ENTER</arg>
<doc>Simulates the user pressing key(s) to an element or on the active browser.</doc>
<msg timestamp="20210330 14:57:15.159" level="INFO">Sending key(s) ('aaaaaaaaaaaaaaaaaaaaaaaaaaaaaaaaa+ENTER',) to page.</msg>
<msg timestamp="20210330 14:57:15.159" level="INFO">Sending keys aaaaaaaaaaaaaaaaaaaaaaaaaaaaaaaaa</msg>
<msg timestamp="20210330 14:57:15.159" level="INFO">Pressing special key ENTER down.</msg>
<msg timestamp="20210330 14:57:15.159" level="INFO">Releasing special key ENTER.</msg>
<status status="PASS" starttime="20210330 14:57:15.158" endtime="20210330 14:57:15.208"/>
</kw>
<status status="PASS" starttime="20210330 14:57:10.084" endtime="20210330 14:57:15.208"/>
</kw>
<status status="PASS" starttime="20210330 14:56:50.352" endtime="20210330 14:57:15.209"/>
</test>
<status status="PASS" starttime="20210330 14:56:50.181" endtime="20210330 14:57:15.210"/>
</suite>
<statistics>
<total>
<stat pass="1" fail="0" skip="0">All Tests</stat>
</total>
<tag>
</tag>
<suite>
<stat pass="1" fail="0" skip="0" id="s1" name="Conteudo">Conteudo</stat>
</suite>
</statistics>
<errors>
</errors>
</robot>
